[2024-05-10 15:33:00,501] [INFO] [real_accelerator.py:191:get_accelerator] Setting ds_accelerator to cuda (auto detect)
[2024-05-10 15:33:00,501] [INFO] [real_accelerator.py:191:get_accelerator] Setting ds_accelerator to cuda (auto detect)
[2024-05-10 15:33:00,530] [INFO] [real_accelerator.py:191:get_accelerator] Setting ds_accelerator to cuda (auto detect)
[2024-05-10 15:33:00,566] [INFO] [real_accelerator.py:191:get_accelerator] Setting ds_accelerator to cuda (auto detect)
[2024-05-10 15:33:03,541] [INFO] [comm.py:637:init_distributed] cdb=None
[2024-05-10 15:33:03,542] [INFO] [comm.py:637:init_distributed] cdb=None
[2024-05-10 15:33:03,599] [INFO] [comm.py:637:init_distributed] cdb=None
[2024-05-10 15:33:03,599] [INFO] [comm.py:668:init_distributed] Initializing TorchBackend in DeepSpeed with backend nccl
[2024-05-10 15:33:03,619] [INFO] [comm.py:637:init_distributed] cdb=None
[2024-05-10 15:33:04,894] [INFO] [real_accelerator.py:191:get_accelerator] Setting ds_accelerator to cuda (auto detect)
[2024-05-10 15:33:05,029] [INFO] [real_accelerator.py:191:get_accelerator] Setting ds_accelerator to cuda (auto detect)
[2024-05-10 15:33:07,650] [INFO] [comm.py:637:init_distributed] cdb=None
[2024-05-10 15:33:07,655] [INFO] [comm.py:637:init_distributed] cdb=None
Loads checkpoint by local backend from path: /data/code/yangshurong/cache/magic_pretrain/control_aux/yolox_l_8x8_300e_coco_20211126_140236-d3bd2b23.pth
Loads checkpoint by local backend from path: /data/code/yangshurong/cache/magic_pretrain/control_aux/yolox_l_8x8_300e_coco_20211126_140236-d3bd2b23.pth
Loads checkpoint by local backend from path: /data/code/yangshurong/cache/magic_pretrain/control_aux/yolox_l_8x8_300e_coco_20211126_140236-d3bd2b23.pth
Loads checkpoint by local backend from path: /data/code/yangshurong/cache/magic_pretrain/control_aux/yolox_l_8x8_300e_coco_20211126_140236-d3bd2b23.pth
Loads checkpoint by local backend from path: /data/code/yangshurong/cache/magic_pretrain/control_aux/dw-ll_ucoco_384.pth
Loads checkpoint by local backend from path: /data/code/yangshurong/cache/magic_pretrain/control_aux/dw-ll_ucoco_384.pth
Loads checkpoint by local backend from path: /data/code/yangshurong/cache/magic_pretrain/control_aux/dw-ll_ucoco_384.pth
Loads checkpoint by local backend from path: /data/code/yangshurong/cache/magic_pretrain/control_aux/dw-ll_ucoco_384.pth
Loads checkpoint by local backend from path: /data/code/yangshurong/cache/magic_pretrain/control_aux/yolox_l_8x8_300e_coco_20211126_140236-d3bd2b23.pth
Loads checkpoint by local backend from path: /data/code/yangshurong/cache/magic_pretrain/control_aux/yolox_l_8x8_300e_coco_20211126_140236-d3bd2b23.pth
Loads checkpoint by local backend from path: /data/code/yangshurong/cache/magic_pretrain/control_aux/dw-ll_ucoco_384.pth
Loads checkpoint by local backend from path: /data/code/yangshurong/cache/magic_pretrain/control_aux/dw-ll_ucoco_384.pth
